...found 8 targets...
...updating 3 targets...
common.mkdir bin.v2\libs\context\config\gcc-4.8.2
common.mkdir bin.v2\libs\context\config\gcc-4.8.2\debug
gcc.compile.c++ bin.v2\libs\context\config\gcc-4.8.2\debug\32.o
g++: error: CreateProcess: No such file or directory

    "g++"  -ftemplate-depth-128 -O0 -fno-inline -Wall -g  -DBOOST_ALL_NO_LIB=1  -I"." -c -o "bin.v2\libs\context\config\gcc-4.8.2\debug\32.o" "C:\boost_1_55_0\libs\context\config\32.cpp"

...failed gcc.compile.c++ bin.v2\libs\context\config\gcc-4.8.2\debug\32.o...
...failed updating 1 target...
...updated 2 targets...
...found 2 targets...
...updating 1 target...
gcc.compile.c++ bin.v2\libs\context\config\gcc-4.8.2\debug\64.o
g++: error: CreateProcess: No such file or directory

    "g++"  -ftemplate-depth-128 -O0 -fno-inline -Wall -g  -DBOOST_ALL_NO_LIB=1  -I"." -c -o "bin.v2\libs\context\config\gcc-4.8.2\debug\64.o" "C:\boost_1_55_0\libs\context\config\64.cpp"

...failed gcc.compile.c++ bin.v2\libs\context\config\gcc-4.8.2\debug\64.o...
...failed updating 1 target...
...found 2 targets...
...updating 1 target...
gcc.compile.c++ bin.v2\libs\context\config\gcc-4.8.2\debug\arm.o
g++: error: CreateProcess: No such file or directory

    "g++"  -ftemplate-depth-128 -O0 -fno-inline -Wall -g  -DBOOST_ALL_NO_LIB=1  -I"." -c -o "bin.v2\libs\context\config\gcc-4.8.2\debug\arm.o" "C:\boost_1_55_0\libs\context\config\arm.cpp"

...failed gcc.compile.c++ bin.v2\libs\context\config\gcc-4.8.2\debug\arm.o...
...failed updating 1 target...
...found 2 targets...
...updating 1 target...
gcc.compile.c++ bin.v2\libs\context\config\gcc-4.8.2\debug\mips1.o
g++: error: CreateProcess: No such file or directory

    "g++"  -ftemplate-depth-128 -O0 -fno-inline -Wall -g  -DBOOST_ALL_NO_LIB=1  -I"." -c -o "bin.v2\libs\context\config\gcc-4.8.2\debug\mips1.o" "C:\boost_1_55_0\libs\context\config\mips1.cpp"

...failed gcc.compile.c++ bin.v2\libs\context\config\gcc-4.8.2\debug\mips1.o...
...failed updating 1 target...
...found 2 targets...
...updating 1 target...
gcc.compile.c++ bin.v2\libs\context\config\gcc-4.8.2\debug\power.o
g++: error: CreateProcess: No such file or directory

    "g++"  -ftemplate-depth-128 -O0 -fno-inline -Wall -g  -DBOOST_ALL_NO_LIB=1  -I"." -c -o "bin.v2\libs\context\config\gcc-4.8.2\debug\power.o" "C:\boost_1_55_0\libs\context\config\power.cpp"

...failed gcc.compile.c++ bin.v2\libs\context\config\gcc-4.8.2\debug\power.o...
...failed updating 1 target...
...found 2 targets...
...updating 1 target...
gcc.compile.c++ bin.v2\libs\context\config\gcc-4.8.2\debug\sparc.o
g++: error: CreateProcess: No such file or directory

    "g++"  -ftemplate-depth-128 -O0 -fno-inline -Wall -g  -DBOOST_ALL_NO_LIB=1  -I"." -c -o "bin.v2\libs\context\config\gcc-4.8.2\debug\sparc.o" "C:\boost_1_55_0\libs\context\config\sparc.cpp"

...failed gcc.compile.c++ bin.v2\libs\context\config\gcc-4.8.2\debug\sparc.o...
...failed updating 1 target...
...found 2 targets...
...updating 1 target...
gcc.compile.c++ bin.v2\libs\context\config\gcc-4.8.2\debug\x86.o
g++: error: CreateProcess: No such file or directory

    "g++"  -ftemplate-depth-128 -O0 -fno-inline -Wall -g  -DBOOST_ALL_NO_LIB=1  -I"." -c -o "bin.v2\libs\context\config\gcc-4.8.2\debug\x86.o" "C:\boost_1_55_0\libs\context\config\x86.cpp"

...failed gcc.compile.c++ bin.v2\libs\context\config\gcc-4.8.2\debug\x86.o...
...failed updating 1 target...
...found 11 targets...
...updating 4 targets...
common.mkdir bin.v2\libs\regex\build\gcc-4.8.2
common.mkdir bin.v2\libs\regex\build\gcc-4.8.2\debug
gcc.compile.c++ bin.v2\libs\regex\build\gcc-4.8.2\debug\has_icu_test.o
g++: error: CreateProcess: No such file or directory

    "g++"  -ftemplate-depth-128 -O0 -fno-inline -Wall -pedantic -g  -DBOOST_ALL_NO_LIB=1 -DBOOST_HAS_ICU=1  -I"." -c -o "bin.v2\libs\regex\build\gcc-4.8.2\debug\has_icu_test.o" "libs\regex\build\has_icu_test.cpp"

...failed gcc.compile.c++ bin.v2\libs\regex\build\gcc-4.8.2\debug\has_icu_test.o...
...skipped <pbin.v2\libs\regex\build\gcc-4.8.2\debug>has_icu.exe for lack of <pbin.v2\libs\regex\build\gcc-4.8.2\debug>has_icu_test.o...
...failed updating 1 target...
...skipped 1 target...
...updated 2 targets...
...found 11 targets...
...updating 5 targets...
common.mkdir bin.v2\standalone\ac\gcc-4.8.2
common.mkdir bin.v2\standalone\ac\gcc-4.8.2\debug
common.mkdir bin.v2\standalone\ac\gcc-4.8.2\debug\link-static
common.mkdir bin.v2\standalone\ac\gcc-4.8.2\debug\link-static\threading-multi
gcc.compile.c++ bin.v2\standalone\ac\gcc-4.8.2\debug\link-static\threading-multi\zlib.h.o
g++: error: unrecognized command line option '-mthreads'

    "g++"  -ftemplate-depth-128 -O0 -fno-inline -Wall -g -mthreads     -c -o "bin.v2\standalone\ac\gcc-4.8.2\debug\link-static\threading-multi\zlib.h.o" "bin.v2\standalone\ac\zlib.h.cpp"

...failed gcc.compile.c++ bin.v2\standalone\ac\gcc-4.8.2\debug\link-static\threading-multi\zlib.h.o...
...failed updating 1 target...
...updated 4 targets...
...found 5 targets...
...updating 2 targets...
gcc.compile.c++ bin.v2\standalone\ac\gcc-4.8.2\debug\link-static\threading-multi\main.o
g++: error: unrecognized command line option '-mthreads'

    "g++"  -ftemplate-depth-128 -O0 -fno-inline -Wall -g -mthreads     -c -o "bin.v2\standalone\ac\gcc-4.8.2\debug\link-static\threading-multi\main.o" "bin.v2\standalone\ac\main.cpp"

...failed gcc.compile.c++ bin.v2\standalone\ac\gcc-4.8.2\debug\link-static\threading-multi\main.o...
...skipped <pbin.v2\standalone\ac\gcc-4.8.2\debug\link-static\threading-multi>z.exe for lack of <pbin.v2\standalone\ac\gcc-4.8.2\debug\link-static\threading-multi>main.o...
...failed updating 1 target...
...skipped 1 target...
...found 1 target...
...updating 1 target...
...skipped <pbin.v2\standalone\ac\gcc-4.8.2\debug\link-static\threading-multi>zlib.exe for lack of <pbin.v2\standalone\ac\gcc-4.8.2\debug\link-static\threading-multi>main.o...
...skipped 1 target...
...found 1 target...
...updating 1 target...
...skipped <pbin.v2\standalone\ac\gcc-4.8.2\debug\link-static\threading-multi>zll.exe for lack of <pbin.v2\standalone\ac\gcc-4.8.2\debug\link-static\threading-multi>main.o...
...skipped 1 target...
...found 1 target...
...updating 1 target...
...skipped <pbin.v2\standalone\ac\gcc-4.8.2\debug\link-static\threading-multi>zdll.exe for lack of <pbin.v2\standalone\ac\gcc-4.8.2\debug\link-static\threading-multi>main.o...
...skipped 1 target...
...found 3 targets...
...updating 3 targets...
common.mkdir bin.v2\standalone\ac\gcc-4.8.2\debug\threading-multi
gcc.compile.c++ bin.v2\standalone\ac\gcc-4.8.2\debug\threading-multi\main.o
g++: error: unrecognized command line option '-mthreads'

    "g++"  -ftemplate-depth-128 -O0 -fno-inline -Wall -g -mthreads     -c -o "bin.v2\standalone\ac\gcc-4.8.2\debug\threading-multi\main.o" "bin.v2\standalone\ac\main.cpp"

...failed gcc.compile.c++ bin.v2\standalone\ac\gcc-4.8.2\debug\threading-multi\main.o...
...skipped <pbin.v2\standalone\ac\gcc-4.8.2\debug\threading-multi>z.exe for lack of <pbin.v2\standalone\ac\gcc-4.8.2\debug\threading-multi>main.o...
...failed updating 1 target...
...skipped 1 target...
...updated 1 target...
...found 1 target...
...updating 1 target...
...skipped <pbin.v2\standalone\ac\gcc-4.8.2\debug\threading-multi>zlib.exe for lack of <pbin.v2\standalone\ac\gcc-4.8.2\debug\threading-multi>main.o...
...skipped 1 target...
...found 1 target...
...updating 1 target...
...skipped <pbin.v2\standalone\ac\gcc-4.8.2\debug\threading-multi>zll.exe for lack of <pbin.v2\standalone\ac\gcc-4.8.2\debug\threading-multi>main.o...
...skipped 1 target...
...found 1 target...
...updating 1 target...
...skipped <pbin.v2\standalone\ac\gcc-4.8.2\debug\threading-multi>zdll.exe for lack of <pbin.v2\standalone\ac\gcc-4.8.2\debug\threading-multi>main.o...
...skipped 1 target...
...found 8 targets...
...updating 4 targets...
common.mkdir bin.v2\libs\locale\build\gcc-4.8.2
common.mkdir bin.v2\libs\locale\build\gcc-4.8.2\debug
gcc.compile.c++ bin.v2\libs\locale\build\gcc-4.8.2\debug\has_iconv_libc_obj.o
g++: error: CreateProcess: No such file or directory

    "g++"  -ftemplate-depth-128 -O0 -fno-inline -Wall -g  -DBOOST_ALL_NO_LIB=1  -I"." -c -o "bin.v2\libs\locale\build\gcc-4.8.2\debug\has_iconv_libc_obj.o" "libs\locale\src\..\build\has_iconv.cpp"

...failed gcc.compile.c++ bin.v2\libs\locale\build\gcc-4.8.2\debug\has_iconv_libc_obj.o...
...skipped <pbin.v2\libs\locale\build\gcc-4.8.2\debug>has_iconv.exe for lack of <pbin.v2\libs\locale\build\gcc-4.8.2\debug>has_iconv_libc_obj.o...
...failed updating 1 target...
...skipped 1 target...
...updated 2 targets...
...found 2 targets...
...updating 2 targets...
gcc.compile.c++ bin.v2\libs\locale\build\gcc-4.8.2\debug\has_iconv_libc_ext.o
g++: error: CreateProcess: No such file or directory

    "g++"  -ftemplate-depth-128 -O0 -fno-inline -Wall -g  -DBOOST_ALL_NO_LIB=1  -I"." -c -o "bin.v2\libs\locale\build\gcc-4.8.2\debug\has_iconv_libc_ext.o" "libs\locale\src\..\build\has_iconv.cpp"

...failed gcc.compile.c++ bin.v2\libs\locale\build\gcc-4.8.2\debug\has_iconv_libc_ext.o...
...skipped <pbin.v2\libs\locale\build\gcc-4.8.2\debug>has_external_iconv.exe for lack of <pbin.v2\libs\locale\build\gcc-4.8.2\debug>has_iconv_libc_ext.o...
...failed updating 1 target...
...skipped 1 target...
...found 4 targets...
...updating 2 targets...
gcc.compile.c++ bin.v2\libs\locale\build\gcc-4.8.2\debug\has_icu_obj.o
g++: error: CreateProcess: No such file or directory

    "g++"  -ftemplate-depth-128 -O0 -fno-inline -Wall -g  -DBOOST_ALL_NO_LIB=1  -I"." -c -o "bin.v2\libs\locale\build\gcc-4.8.2\debug\has_icu_obj.o" "libs\locale\src\..\build\has_icu_test.cpp"

...failed gcc.compile.c++ bin.v2\libs\locale\build\gcc-4.8.2\debug\has_icu_obj.o...
...skipped <pbin.v2\libs\locale\build\gcc-4.8.2\debug>has_icu.exe for lack of <pbin.v2\libs\locale\build\gcc-4.8.2\debug>has_icu_obj.o...
...failed updating 1 target...
...skipped 1 target...
...found 2 targets...
...updating 2 targets...
gcc.compile.c++ bin.v2\libs\locale\build\gcc-4.8.2\debug\has_icu64_obj.o
g++: error: CreateProcess: No such file or directory

    "g++"  -ftemplate-depth-128 -O0 -fno-inline -Wall -g  -DBOOST_ALL_NO_LIB=1  -I"." -c -o "bin.v2\libs\locale\build\gcc-4.8.2\debug\has_icu64_obj.o" "libs\locale\src\..\build\has_icu_test.cpp"

...failed gcc.compile.c++ bin.v2\libs\locale\build\gcc-4.8.2\debug\has_icu64_obj.o...
...skipped <pbin.v2\libs\locale\build\gcc-4.8.2\debug>has_icu64.exe for lack of <pbin.v2\libs\locale\build\gcc-4.8.2\debug>has_icu64_obj.o...
...failed updating 1 target...
...skipped 1 target...
...found 11 targets...
...updating 6 targets...
common.mkdir bin.v2\libs\log\config\message-compiler\gcc-4.8.2
common.mkdir bin.v2\libs\log\config\message-compiler\gcc-4.8.2\debug
common.mkdir bin.v2\libs\log\config\message-compiler\gcc-4.8.2\debug\pch-off
mc.compile bin.v2\libs\log\config\message-compiler\gcc-4.8.2\debug\pch-off\simple_event_log.h
"mc" non Š riconosciuto come comando interno o esterno,
 un programma eseguibile o un file batch.

    mc  -h "bin.v2\libs\log\config\message-compiler\gcc-4.8.2\debug\pch-off" -r "bin.v2\libs\log\config\message-compiler\gcc-4.8.2\debug\pch-off" "libs\log\src\simple_event_log.mc"

...failed mc.compile bin.v2\libs\log\config\message-compiler\gcc-4.8.2\debug\pch-off\simple_event_log.h bin.v2\libs\log\config\message-compiler\gcc-4.8.2\debug\pch-off\simple_event_log.rc...
...skipped <pbin.v2\libs\log\config\message-compiler\gcc-4.8.2\debug\pch-off>simple_event_log_res.o for lack of <pbin.v2\libs\log\config\message-compiler\gcc-4.8.2\debug\pch-off-object(res-scanner)@2176>simple_event_log.rc...
...failed updating 1 target...
...skipped 1 target...
...updated 3 targets...
...found 6 targets...
...updating 3 targets...
common.mkdir bin.v2\libs\math\config\gcc-4.8.2
common.mkdir bin.v2\libs\math\config\gcc-4.8.2\debug
gcc.compile.c++ bin.v2\libs\math\config\gcc-4.8.2\debug\has_gcc_visibility.o
g++: error: CreateProcess: No such file or directory

    "g++"  -ftemplate-depth-128 -O0 -fno-inline -Wall -g -Werror -fvisibility=hidden -DBOOST_ALL_NO_LIB=1  -I"." -c -o "bin.v2\libs\math\config\gcc-4.8.2\debug\has_gcc_visibility.o" "libs\math\config\has_gcc_visibility.cpp"

...failed gcc.compile.c++ bin.v2\libs\math\config\gcc-4.8.2\debug\has_gcc_visibility.o...
...failed updating 1 target...
...updated 2 targets...
...found 40 targets...
...updating 1 target...
gcc.compile.c++ bin.v2\libs\math\config\gcc-4.8.2\debug\has_long_double_support.o
g++: error: CreateProcess: No such file or directory

    "g++"  -ftemplate-depth-128 -O0 -fno-inline -Wall -g  -DBOOST_ALL_NO_LIB=1  -I"." -c -o "bin.v2\libs\math\config\gcc-4.8.2\debug\has_long_double_support.o" "libs\math\config\has_long_double_support.cpp"

...failed gcc.compile.c++ bin.v2\libs\math\config\gcc-4.8.2\debug\has_long_double_support.o...
...failed updating 1 target...
...found 1 target...
...updating 1 target...
config-cache.write bin.v2\project-cache.jam
...updated 1 target...
